<?xml version="1.0" encoding="UTF-8"?>
<testng-results ignored="0" total="2" passed="2" failed="0" skipped="0">
  <reporter-output>
  </reporter-output>
  <suite started-at="2022-04-02T12:25:05 IST" name="Default suite" finished-at="2022-04-02T12:25:19 IST" duration-ms="13971">
    <groups>
    </groups>
    <test started-at="2022-04-02T12:25:05 IST" name="Default test" finished-at="2022-04-02T12:25:19 IST" duration-ms="13971">
      <class name="com.practice.test.loginTest">
        <test-method signature="login()[pri:1, instance:com.practice.test.loginTest@4b8ee4de]" started-at="2022-04-02T12:25:05 IST" name="login" finished-at="2022-04-02T12:25:13 IST" duration-ms="7881" status="PASS">
          <reporter-output>
          </reporter-output>
        </test-method> <!-- login -->
        <test-method signature="credantial()[pri:2, instance:com.practice.test.loginTest@4b8ee4de]" started-at="2022-04-02T12:25:13 IST" name="credantial" finished-at="2022-04-02T12:25:19 IST" duration-ms="6061" status="PASS">
          <reporter-output>
          </reporter-output>
        </test-method> <!-- credantial -->
      </class> <!-- com.practice.test.loginTest -->
    </test> <!-- Default test -->
  </suite> <!-- Default suite -->
</testng-results>
